<?xml version="1.0" encoding="UTF-8"?>
<testng-results ignored="0" total="9" passed="9" failed="0" skipped="0">
  <reporter-output>
  </reporter-output>
  <suite started-at="2022-02-17T00:11:07 EST" name="Suite" finished-at="2022-02-17T00:14:11 EST" duration-ms="183949">
    <groups>
    </groups>
    <test started-at="2022-02-17T00:11:07 EST" name="chrome" finished-at="2022-02-17T00:14:11 EST" duration-ms="183949">
      <class name="com.testing.lambdatest.Testing">
        <test-method is-config="true" signature="OpenBrowsers(java.lang.String)[pri:0, instance:com.testing.lambdatest.Testing@2034b64c]" started-at="2022-02-17T00:11:07 EST" name="OpenBrowsers" finished-at="2022-02-17T00:11:11 EST" duration-ms="3353" status="PASS">
          <params>
            <param index="0">
              <value>
                <![CDATA[chrome]]>
              </value>
            </param>
          </params>
          <reporter-output>
          </reporter-output>
        </test-method> <!-- OpenBrowsers -->
        <test-method signature="FakeCredentials()[pri:0, instance:com.testing.lambdatest.Testing@2034b64c]" started-at="2022-02-17T00:11:11 EST" name="FakeCredentials" finished-at="2022-02-17T00:11:13 EST" duration-ms="2042" status="PASS">
          <reporter-output>
          </reporter-output>
        </test-method> <!-- FakeCredentials -->
        <test-method is-config="true" signature="CloseBrowser()[pri:0, instance:com.testing.lambdatest.Testing@2034b64c]" started-at="2022-02-17T00:11:13 EST" name="CloseBrowser" finished-at="2022-02-17T00:11:17 EST" duration-ms="4189" status="PASS">
          <reporter-output>
          </reporter-output>
        </test-method> <!-- CloseBrowser -->
        <test-method is-config="true" signature="OpenBrowsers(java.lang.String)[pri:0, instance:com.testing.lambdatest.Testing@2034b64c]" started-at="2022-02-17T00:11:17 EST" name="OpenBrowsers" finished-at="2022-02-17T00:11:19 EST" duration-ms="2164" status="PASS">
          <params>
            <param index="0">
              <value>
                <![CDATA[chrome]]>
              </value>
            </param>
          </params>
          <reporter-output>
          </reporter-output>
        </test-method> <!-- OpenBrowsers -->
        <test-method signature="IntregationTab()[pri:0, instance:com.testing.lambdatest.Testing@2034b64c]" started-at="2022-02-17T00:11:19 EST" name="IntregationTab" finished-at="2022-02-17T00:12:07 EST" duration-ms="48171" status="PASS">
          <reporter-output>
          </reporter-output>
        </test-method> <!-- IntregationTab -->
        <test-method is-config="true" signature="CloseBrowser()[pri:0, instance:com.testing.lambdatest.Testing@2034b64c]" started-at="2022-02-17T00:12:07 EST" name="CloseBrowser" finished-at="2022-02-17T00:12:12 EST" duration-ms="4235" status="PASS">
          <reporter-output>
          </reporter-output>
        </test-method> <!-- CloseBrowser -->
        <test-method is-config="true" signature="OpenBrowsers(java.lang.String)[pri:0, instance:com.testing.lambdatest.Testing@2034b64c]" started-at="2022-02-17T00:12:12 EST" name="OpenBrowsers" finished-at="2022-02-17T00:12:14 EST" duration-ms="2642" status="PASS">
          <params>
            <param index="0">
              <value>
                <![CDATA[chrome]]>
              </value>
            </param>
          </params>
          <reporter-output>
          </reporter-output>
        </test-method> <!-- OpenBrowsers -->
        <test-method signature="IssueTrackerTab()[pri:0, instance:com.testing.lambdatest.Testing@2034b64c]" started-at="2022-02-17T00:12:14 EST" name="IssueTrackerTab" finished-at="2022-02-17T00:12:28 EST" duration-ms="13973" status="PASS">
          <reporter-output>
          </reporter-output>
        </test-method> <!-- IssueTrackerTab -->
        <test-method is-config="true" signature="CloseBrowser()[pri:0, instance:com.testing.lambdatest.Testing@2034b64c]" started-at="2022-02-17T00:12:28 EST" name="CloseBrowser" finished-at="2022-02-17T00:12:32 EST" duration-ms="4247" status="PASS">
          <reporter-output>
          </reporter-output>
        </test-method> <!-- CloseBrowser -->
        <test-method is-config="true" signature="OpenBrowsers(java.lang.String)[pri:0, instance:com.testing.lambdatest.Testing@2034b64c]" started-at="2022-02-17T00:12:32 EST" name="OpenBrowsers" finished-at="2022-02-17T00:12:35 EST" duration-ms="2512" status="PASS">
          <params>
            <param index="0">
              <value>
                <![CDATA[chrome]]>
              </value>
            </param>
          </params>
          <reporter-output>
          </reporter-output>
        </test-method> <!-- OpenBrowsers -->
        <test-method signature="LTBrowserTabCheck()[pri:0, instance:com.testing.lambdatest.Testing@2034b64c]" started-at="2022-02-17T00:12:35 EST" name="LTBrowserTabCheck" finished-at="2022-02-17T00:12:43 EST" duration-ms="8284" status="PASS">
          <reporter-output>
          </reporter-output>
        </test-method> <!-- LTBrowserTabCheck -->
        <test-method is-config="true" signature="CloseBrowser()[pri:0, instance:com.testing.lambdatest.Testing@2034b64c]" started-at="2022-02-17T00:12:43 EST" name="CloseBrowser" finished-at="2022-02-17T00:12:43 EST" duration-ms="143" status="PASS">
          <reporter-output>
          </reporter-output>
        </test-method> <!-- CloseBrowser -->
        <test-method is-config="true" signature="OpenBrowsers(java.lang.String)[pri:0, instance:com.testing.lambdatest.Testing@2034b64c]" started-at="2022-02-17T00:12:43 EST" name="OpenBrowsers" finished-at="2022-02-17T00:12:47 EST" duration-ms="3632" status="PASS">
          <params>
            <param index="0">
              <value>
                <![CDATA[chrome]]>
              </value>
            </param>
          </params>
          <reporter-output>
          </reporter-output>
        </test-method> <!-- OpenBrowsers -->
        <test-method signature="RealCredentials()[pri:0, instance:com.testing.lambdatest.Testing@2034b64c]" started-at="2022-02-17T00:12:47 EST" name="RealCredentials" finished-at="2022-02-17T00:12:50 EST" duration-ms="3255" status="PASS">
          <reporter-output>
          </reporter-output>
        </test-method> <!-- RealCredentials -->
        <test-method is-config="true" signature="CloseBrowser()[pri:0, instance:com.testing.lambdatest.Testing@2034b64c]" started-at="2022-02-17T00:12:50 EST" name="CloseBrowser" finished-at="2022-02-17T00:12:54 EST" duration-ms="4211" status="PASS">
          <reporter-output>
          </reporter-output>
        </test-method> <!-- CloseBrowser -->
        <test-method is-config="true" signature="OpenBrowsers(java.lang.String)[pri:0, instance:com.testing.lambdatest.Testing@2034b64c]" started-at="2022-02-17T00:12:54 EST" name="OpenBrowsers" finished-at="2022-02-17T00:12:58 EST" duration-ms="3079" status="PASS">
          <params>
            <param index="0">
              <value>
                <![CDATA[chrome]]>
              </value>
            </param>
          </params>
          <reporter-output>
          </reporter-output>
        </test-method> <!-- OpenBrowsers -->
        <test-method signature="RealTimeTabCheck()[pri:0, instance:com.testing.lambdatest.Testing@2034b64c]" started-at="2022-02-17T00:12:58 EST" name="RealTimeTabCheck" finished-at="2022-02-17T00:13:06 EST" duration-ms="8978" status="PASS">
          <reporter-output>
          </reporter-output>
        </test-method> <!-- RealTimeTabCheck -->
        <test-method is-config="true" signature="CloseBrowser()[pri:0, instance:com.testing.lambdatest.Testing@2034b64c]" started-at="2022-02-17T00:13:06 EST" name="CloseBrowser" finished-at="2022-02-17T00:13:11 EST" duration-ms="4242" status="PASS">
          <reporter-output>
          </reporter-output>
        </test-method> <!-- CloseBrowser -->
        <test-method is-config="true" signature="OpenBrowsers(java.lang.String)[pri:0, instance:com.testing.lambdatest.Testing@2034b64c]" started-at="2022-02-17T00:13:11 EST" name="OpenBrowsers" finished-at="2022-02-17T00:13:13 EST" duration-ms="2477" status="PASS">
          <params>
            <param index="0">
              <value>
                <![CDATA[chrome]]>
              </value>
            </param>
          </params>
          <reporter-output>
          </reporter-output>
        </test-method> <!-- OpenBrowsers -->
        <test-method signature="TestLogTabCheck()[pri:0, instance:com.testing.lambdatest.Testing@2034b64c]" started-at="2022-02-17T00:13:13 EST" name="TestLogTabCheck" finished-at="2022-02-17T00:13:22 EST" duration-ms="8506" status="PASS">
          <reporter-output>
          </reporter-output>
        </test-method> <!-- TestLogTabCheck -->
        <test-method is-config="true" signature="CloseBrowser()[pri:0, instance:com.testing.lambdatest.Testing@2034b64c]" started-at="2022-02-17T00:13:22 EST" name="CloseBrowser" finished-at="2022-02-17T00:13:26 EST" duration-ms="4238" status="PASS">
          <reporter-output>
          </reporter-output>
        </test-method> <!-- CloseBrowser -->
        <test-method is-config="true" signature="OpenBrowsers(java.lang.String)[pri:0, instance:com.testing.lambdatest.Testing@2034b64c]" started-at="2022-02-17T00:13:26 EST" name="OpenBrowsers" finished-at="2022-02-17T00:13:29 EST" duration-ms="2871" status="PASS">
          <params>
            <param index="0">
              <value>
                <![CDATA[chrome]]>
              </value>
            </param>
          </params>
          <reporter-output>
          </reporter-output>
        </test-method> <!-- OpenBrowsers -->
        <test-method signature="WebTesting()[pri:0, instance:com.testing.lambdatest.Testing@2034b64c]" started-at="2022-02-17T00:13:29 EST" name="WebTesting" finished-at="2022-02-17T00:13:46 EST" duration-ms="17001" status="PASS">
          <reporter-output>
          </reporter-output>
        </test-method> <!-- WebTesting -->
        <test-method is-config="true" signature="CloseBrowser()[pri:0, instance:com.testing.lambdatest.Testing@2034b64c]" started-at="2022-02-17T00:13:46 EST" name="CloseBrowser" finished-at="2022-02-17T00:13:50 EST" duration-ms="4232" status="PASS">
          <reporter-output>
          </reporter-output>
        </test-method> <!-- CloseBrowser -->
        <test-method is-config="true" signature="OpenBrowsers(java.lang.String)[pri:0, instance:com.testing.lambdatest.Testing@2034b64c]" started-at="2022-02-17T00:13:50 EST" name="OpenBrowsers" finished-at="2022-02-17T00:13:54 EST" duration-ms="3682" status="PASS">
          <params>
            <param index="0">
              <value>
                <![CDATA[chrome]]>
              </value>
            </param>
          </params>
          <reporter-output>
          </reporter-output>
        </test-method> <!-- OpenBrowsers -->
        <test-method signature="projects()[pri:0, instance:com.testing.lambdatest.Testing@2034b64c]" started-at="2022-02-17T00:13:54 EST" name="projects" finished-at="2022-02-17T00:14:07 EST" duration-ms="13291" status="PASS">
          <reporter-output>
          </reporter-output>
        </test-method> <!-- projects -->
        <test-method is-config="true" signature="CloseBrowser()[pri:0, instance:com.testing.lambdatest.Testing@2034b64c]" started-at="2022-02-17T00:14:07 EST" name="CloseBrowser" finished-at="2022-02-17T00:14:11 EST" duration-ms="4222" status="PASS">
          <reporter-output>
          </reporter-output>
        </test-method> <!-- CloseBrowser -->
      </class> <!-- com.testing.lambdatest.Testing -->
    </test> <!-- chrome -->
  </suite> <!-- Suite -->
</testng-results>
