<?xml version="1.0" encoding="UTF-8"?>
<!-- Generated by org.testng.reporters.JUnitXMLReporter -->
<testsuite ignored="0" hostname="SajeebPC" failures="0" tests="9" name="chrome" time="183.949" errors="0" timestamp="2022-02-17T00:14:11 EST">
  <testcase classname="com.testing.lambdatest.Testing" name="FakeCredentials" time="2.042"/>
  <testcase classname="com.testing.lambdatest.Testing" name="IntregationTab" time="48.171"/>
  <testcase classname="com.testing.lambdatest.Testing" name="IssueTrackerTab" time="13.973"/>
  <testcase classname="com.testing.lambdatest.Testing" name="LTBrowserTabCheck" time="8.284"/>
  <testcase classname="com.testing.lambdatest.Testing" name="RealCredentials" time="3.255"/>
  <testcase classname="com.testing.lambdatest.Testing" name="RealTimeTabCheck" time="8.978"/>
  <testcase classname="com.testing.lambdatest.Testing" name="TestLogTabCheck" time="8.506"/>
  <testcase classname="com.testing.lambdatest.Testing" name="WebTesting" time="17.001"/>
  <testcase classname="com.testing.lambdatest.Testing" name="projects" time="13.291"/>
</testsuite> <!-- chrome -->
