<?xml version="1.0" encoding="UTF-8"?>
<!-- Generated by org.testng.reporters.JUnitXMLReporter -->
<testsuite ignored="0" hostname="SajeebPC" failures="0" tests="9" name="edge" time="149.359" errors="0" timestamp="2022-02-17T00:07:33 EST">
  <testcase classname="com.testing.lambdatest.Testing" name="FakeCredentials" time="2.035"/>
  <testcase classname="com.testing.lambdatest.Testing" name="IntregationTab" time="14.909"/>
  <testcase classname="com.testing.lambdatest.Testing" name="IssueTrackerTab" time="13.792"/>
  <testcase classname="com.testing.lambdatest.Testing" name="LTBrowserTabCheck" time="9.054"/>
  <testcase classname="com.testing.lambdatest.Testing" name="RealCredentials" time="4.024"/>
  <testcase classname="com.testing.lambdatest.Testing" name="RealTimeTabCheck" time="9.515"/>
  <testcase classname="com.testing.lambdatest.Testing" name="TestLogTabCheck" time="9.721"/>
  <testcase classname="com.testing.lambdatest.Testing" name="WebTesting" time="14.15"/>
  <testcase classname="com.testing.lambdatest.Testing" name="projects" time="13.903"/>
</testsuite> <!-- edge -->
