<?xml version="1.0" encoding="UTF-8"?>
<!-- Generated by org.testng.reporters.JUnitXMLReporter -->
<testsuite ignored="0" hostname="SajeebPC" failures="0" tests="9" name="firefox" time="230.279" errors="0" timestamp="2022-02-17T00:05:04 EST">
  <testcase classname="com.testing.lambdatest.Testing" name="FakeCredentials" time="3.705"/>
  <testcase classname="com.testing.lambdatest.Testing" name="IntregationTab" time="75.705"/>
  <testcase classname="com.testing.lambdatest.Testing" name="IssueTrackerTab" time="15.833"/>
  <testcase classname="com.testing.lambdatest.Testing" name="LTBrowserTabCheck" time="11.021"/>
  <testcase classname="com.testing.lambdatest.Testing" name="RealCredentials" time="5.522"/>
  <testcase classname="com.testing.lambdatest.Testing" name="RealTimeTabCheck" time="11.039"/>
  <testcase classname="com.testing.lambdatest.Testing" name="TestLogTabCheck" time="10.577"/>
  <testcase classname="com.testing.lambdatest.Testing" name="WebTesting" time="17.924"/>
  <testcase classname="com.testing.lambdatest.Testing" name="projects" time="14.5"/>
</testsuite> <!-- firefox -->
